{
  "RSpec": {
    "coverage": {
      "/Users/juliegraceffa/challenges/breakable-toy/jet-sweat/app/models/user.rb": [
        1,
        1,
        null,
        null,
        1,
        null,
        1,
        1,
        1,
        1,
        1,
        null,
        1,
        1,
        1,
        null,
        1,
        205,
        null,
        null
      ],
      "/Users/juliegraceffa/challenges/breakable-toy/jet-sweat/app/models/application_record.rb": [
        1,
        1,
        null
      ],
      "/Users/juliegraceffa/challenges/breakable-toy/jet-sweat/app/uploaders/avatar_uploader.rb": [
        1,
        null,
        null,
        null,
        null,
        null,
        null,
        1,
        null,
        null,
        null,
        null,
        1,
        2,
        null,
        null,
        null,
        null,
        null,
        null,
        null,
        null,
        null,
        null,
        null,
        null,
        null,
        null,
        null,
        null,
        null,
        null,
        null,
        null,
        null,
        null,
        null,
        null,
        1,
        2,
        null,
        null,
        null,
        null,
        null,
        null,
        null,
        null,
        null
      ],
      "/Users/juliegraceffa/challenges/breakable-toy/jet-sweat/app/helpers/application_helper.rb": [
        1,
        null
      ],
      "/Users/juliegraceffa/challenges/breakable-toy/jet-sweat/app/models/category.rb": [
        1,
        1,
        null,
        1,
        null
      ],
      "/Users/juliegraceffa/challenges/breakable-toy/jet-sweat/app/models/comment.rb": [
        1,
        1,
        1,
        null,
        1,
        1,
        1,
        null
      ],
      "/Users/juliegraceffa/challenges/breakable-toy/jet-sweat/app/models/favorite.rb": [
        1,
        1,
        1,
        null,
        1,
        1,
        null
      ],
      "/Users/juliegraceffa/challenges/breakable-toy/jet-sweat/app/models/location.rb": [
        1,
        1,
        1,
        1,
        null,
        1,
        null
      ],
      "/Users/juliegraceffa/challenges/breakable-toy/jet-sweat/app/models/workout.rb": [
        1,
        1,
        1,
        1,
        1,
        1,
        null,
        1,
        1,
        1,
        1,
        null,
        1,
        3,
        null,
        null
      ],
      "/Users/juliegraceffa/challenges/breakable-toy/jet-sweat/app/controllers/workouts_controller.rb": [
        1,
        1,
        null,
        1,
        37,
        37,
        null,
        37,
        3,
        null,
        null,
        null,
        1,
        35,
        35,
        35,
        35,
        35,
        35,
        35,
        null,
        35,
        null,
        35,
        null,
        null,
        35,
        null,
        35,
        0,
        0,
        0,
        null,
        0,
        0,
        null,
        null,
        null,
        0,
        0,
        0,
        null,
        null,
        null,
        null,
        1,
        3,
        3,
        3,
        null,
        null,
        1,
        0,
        0,
        0,
        0,
        0,
        0,
        null,
        null,
        1,
        2,
        2,
        2,
        null,
        null,
        1,
        2,
        2,
        2,
        2,
        2,
        null,
        0,
        null,
        null,
        null,
        1,
        2,
        2,
        2,
        null,
        2,
        2,
        null,
        2,
        1,
        1,
        null,
        1,
        1,
        1,
        null,
        null,
        null,
        1,
        null,
        1,
        4,
        null,
        null,
        1,
        74,
        74,
        74,
        null,
        null,
        1,
        74,
        74,
        814,
        null,
        74,
        null,
        null,
        1,
        74,
        74,
        74,
        74,
        74,
        null,
        null,
        1,
        37,
        37,
        null,
        37,
        null,
        null,
        null,
        null,
        null,
        null,
        null,
        null,
        null,
        407,
        null,
        37,
        null,
        null
      ],
      "/Users/juliegraceffa/challenges/breakable-toy/jet-sweat/app/controllers/application_controller.rb": [
        1,
        1,
        null
      ],
      "/Users/juliegraceffa/challenges/breakable-toy/jet-sweat/app/controllers/locations_controller.rb": [
        1,
        null,
        1,
        214,
        122,
        null,
        null,
        1,
        0,
        null,
        null,
        1,
        0,
        null,
        0,
        0,
        null,
        0,
        null,
        null,
        null,
        1,
        null,
        1,
        0,
        null,
        null
      ],
      "/Users/juliegraceffa/challenges/breakable-toy/jet-sweat/app/controllers/users_controller.rb": [
        1,
        1,
        null,
        1,
        3,
        null,
        null,
        1,
        3,
        null,
        null,
        1,
        0,
        0,
        0,
        0,
        null,
        null,
        1,
        null,
        1,
        4,
        1,
        1,
        null,
        null,
        null
      ],
      "/Users/juliegraceffa/challenges/breakable-toy/jet-sweat/app/controllers/categories_controller.rb": [
        1,
        null,
        1,
        32,
        64,
        null,
        null
      ],
      "/Users/juliegraceffa/challenges/breakable-toy/jet-sweat/app/controllers/registrations_controller.rb": [
        1,
        null,
        1,
        null,
        1,
        5,
        null,
        null,
        1,
        1,
        null,
        null
      ],
      "/Users/juliegraceffa/challenges/breakable-toy/jet-sweat/app/controllers/comments_controller.rb": [
        1,
        1,
        null,
        1,
        7,
        7,
        null,
        null,
        1,
        6,
        6,
        6,
        6,
        6,
        6,
        null,
        6,
        5,
        5,
        null,
        1,
        1,
        1,
        null,
        null,
        null,
        1,
        1,
        1,
        1,
        1,
        1,
        1,
        1,
        null,
        null,
        1,
        2,
        2,
        null,
        null,
        1,
        2,
        2,
        2,
        2,
        2,
        1,
        1,
        null,
        1,
        null,
        null,
        null,
        1,
        null,
        1,
        8,
        null,
        null
      ],
      "/Users/juliegraceffa/challenges/breakable-toy/jet-sweat/app/controllers/favorites_controller.rb": [
        1,
        1,
        null,
        1,
        1,
        1,
        null,
        null,
        1,
        0,
        0,
        0,
        null,
        null,
        1,
        2,
        2,
        null,
        2,
        null,
        2,
        2,
        4,
        2,
        null,
        0,
        0,
        null,
        null,
        null,
        null,
        1,
        0,
        0,
        0,
        0,
        null,
        null,
        1,
        null,
        1,
        0,
        null,
        null,
        1,
        3,
        0,
        null,
        null,
        null
      ],
      "/Users/juliegraceffa/challenges/breakable-toy/jet-sweat/app/channels/application_cable/channel.rb": [
        0,
        0,
        0,
        0
      ],
      "/Users/juliegraceffa/challenges/breakable-toy/jet-sweat/app/channels/application_cable/connection.rb": [
        0,
        0,
        0,
        0
      ],
      "/Users/juliegraceffa/challenges/breakable-toy/jet-sweat/app/controllers/pages_controller.rb": [
        0,
        0,
        0,
        0,
        0,
        0,
        0,
        0,
        0,
        0,
        0,
        0,
        0,
        0,
        0,
        0
      ],
      "/Users/juliegraceffa/challenges/breakable-toy/jet-sweat/app/jobs/application_job.rb": [
        0,
        0
      ],
      "/Users/juliegraceffa/challenges/breakable-toy/jet-sweat/app/mailers/application_mailer.rb": [
        0,
        0,
        0,
        0
      ],
      "/Users/juliegraceffa/challenges/breakable-toy/jet-sweat/app/models/user_location.rb": [
        0,
        0,
        0,
        0
      ]
    },
    "timestamp": 1477677487
  }
}
